[35m[Appium][39m Welcome to Appium v1.22.3
[35m[Appium][39m Non-default server args:
[35m[Appium][39m   port: 56566
[35m[Appium][39m   loglevel: info
[35m[Appium][39m   tmpDir: /var/folders/23/ksbp0gdn205139ffwrfbjmm40000gp/T//Katalon/Appium/Temp1683727399589
[35m[Appium][39m   chromedriverPort: 56571
[35m[Appium][39m Deprecated server args:
[35m[Appium][39m   [31m--chromedriver-port[39m => --default-capabilities
[35m[Appium][39m Default capabilities, which will be added to each request unless overridden by desired capabilities:
[35m[Appium][39m   chromedriverPort: 56571
[35m[Appium][39m Appium REST http interface listener started on 0.0.0.0:56566
[35m[HTTP][39m [37m-->[39m [37mGET[39m [37m/wd/hub/status[39m
[35m[HTTP][39m [90m{}[39m
[35m[HTTP][39m [37m<-- GET /wd/hub/status [39m[32m200[39m [90m6 ms - 68[39m
[35m[HTTP][39m [90m[39m
[35m[HTTP][39m [37m-->[39m [37mGET[39m [37m/wd/hub/status[39m
[35m[HTTP][39m [90m{}[39m
[35m[HTTP][39m [37m<-- GET /wd/hub/status [39m[32m200[39m [90m1 ms - 68[39m
[35m[HTTP][39m [90m[39m
[35m[HTTP][39m [37m-->[39m [37mPOST[39m [37m/wd/hub/session[39m
[35m[HTTP][39m [90m{"desiredCapabilities":{"newCommandTimeout":1800,"realDeviceLogger":"/Applications/Katalon Studio.app/Contents/Eclipse/configuration/resources/tools/deviceconsole","platformVersion":"16.4","automationName":"XCUITest","bundleId":"com.lorehealthcare.communitytest\ncom.lorehealthcare.communitytest\ncom.lorehealthcare.communitytest","waitForAppScript":"true;","platformName":"iOS","udid":"00008030-000E491A3C78C02E","deviceName":"Katalon Customer Support Team","wdaLocalPort":56579},"capabilities":{"firstMatch":[{"appium:automationName":"XCUITest","appium:bundleId":"com.lorehealthcare.communitytest\ncom.lorehealthcare.communitytest\ncom.lorehealthcare.communitytest","appium:deviceName":"Katalon Customer Support Team","appium:newCommandTimeout":1800,"platformName":"ios","appium:platformVersion":"16.4","realDeviceLogger":"/Applications/Katalon Studio.app/Contents/Eclipse/configuration/resources/tools/deviceconsole","appium:udid":"00008030-000E491A3C78C02E","appium:waitForAppScript":"true;","appium:wdaLocalPort":565...[39m
[35m[BaseDriver][39m The following capabilities are not standard capabilities and should have an extension prefix:
[35m[BaseDriver][39m   realDeviceLogger
[35m[BaseDriver][39m   chromedriverPort
[35m[Appium][39m Appium v1.22.3 creating new XCUITestDriver (v3.59.0) session
[35m[BaseDriver][39m The following capabilities were provided, but are not recognized by Appium:
[35m[BaseDriver][39m   realDeviceLogger
[35m[BaseDriver][39m   chromedriverPort
[35m[BaseDriver][39m   waitForAppScript
[35m[BaseDriver][39m Session created with session id: f9e13cfa-5566-49e2-b6f6-a12f6c289e86
[35m[XCUITest][39m Determining device to run tests on: udid: '00008030-000E491A3C78C02E', real device: true
[35m[WebDriverAgent][39m Using WDA path: '/usr/local/lib/node_modules/appium/node_modules/appium-webdriveragent'
[35m[WebDriverAgent][39m Using WDA agent: '/usr/local/lib/node_modules/appium/node_modules/appium-webdriveragent/WebDriverAgent.xcodeproj'
[35m[XCUITest][39m Continuing without capturing device logs: Failed to receive any data within the timeout: 5000
[35m[XCUITest][39m Setting up real device
[35m[DevCon Factory][39m Releasing connections for 00008030-000E491A3C78C02E device on any port number
[35m[DevCon Factory][39m No cached connections have been found
[35m[HTTP][39m [37m<-- POST /wd/hub/session [39m[31m500[39m [90m10367 ms - 599[39m
[35m[HTTP][39m [90m[39m
